<?xml version="1.0" encoding="UTF-8"?>
<!-- Generated by org.testng.reporters.JUnitXMLReporter -->
<testsuite ignored="0" hostname="Saipavan" failures="0" tests="8" name="Default test" time="0.159" errors="0" timestamp="2020-07-03T01:14:27 IST">
  <testcase classname="com.testexecution.java.MathOpr" name="Add" time="0.022"/>
  <testcase classname="com.testexecution.java.MathOpr" name="Modulus" time="0.006"/>
  <testcase classname="com.testexecution.java.MathOpr" name="Negate" time="0.009"/>
  <testcase classname="com.testexecution.java.MathOpr" name="Powerof" time="0.003"/>
  <testcase classname="com.testexecution.java.MathOpr" name="Powerof1" time="0.005"/>
  <testcase classname="com.testexecution.java.MathOpr" name="Sub" time="0.004"/>
  <testcase classname="com.testexecution.java.MathOpr" name="div" time="0.002"/>
  <testcase classname="com.testexecution.java.MathOpr" name="invert" time="0.004"/>
</testsuite> <!-- Default test -->
