<?xml version="1.0" encoding="UTF-8"?>
<!-- Generated by org.testng.reporters.JUnitXMLReporter -->
<testsuite ignored="0" hostname="Saipavan" failures="2" tests="9" name="Assertionbased" time="0.066" errors="0" timestamp="2020-07-03T03:55:58 IST">
  <testcase classname="com.testexecution.java.MathOpr" name="Add" time="0.003"/>
  <testcase classname="com.testexecution.java.MathOpr" name="Modulus" time="0.003"/>
  <testcase classname="com.testexecution.java.MathOpr" name="Multiplication" time="0.003">
    <failure type="java.lang.AssertionError" message="expected [512] but found [20]">
      <![CDATA[java.lang.AssertionError: expected [512] but found [20]
at com.testexecution.java.MathOpr.Multiplication(MathOpr.java:35)
at java.base/java.util.concurrent.ThreadPoolExecutor.runWorker(ThreadPoolExecutor.java:1128)
at java.base/java.util.concurrent.ThreadPoolExecutor$Worker.run(ThreadPoolExecutor.java:628)
at java.base/java.lang.Thread.run(Thread.java:830)
... Removed 17 stack frames]]>
    </failure>
  </testcase> <!-- Multiplication -->
  <testcase classname="com.testexecution.java.MathOpr" name="Negate" time="0.003">
    <failure type="java.lang.AssertionError" message="expected [false] but found [true]">
      <![CDATA[java.lang.AssertionError: expected [false] but found [true]
at com.testexecution.java.MathOpr.Negate(MathOpr.java:123)
at java.base/java.util.concurrent.ThreadPoolExecutor.runWorker(ThreadPoolExecutor.java:1128)
at java.base/java.util.concurrent.ThreadPoolExecutor$Worker.run(ThreadPoolExecutor.java:628)
at java.base/java.lang.Thread.run(Thread.java:830)
... Removed 16 stack frames]]>
    </failure>
  </testcase> <!-- Negate -->
  <testcase classname="com.testexecution.java.MathOpr" name="Powerof" time="0.002"/>
  <testcase classname="com.testexecution.java.MathOpr" name="Powerof1" time="0.003"/>
  <testcase classname="com.testexecution.java.MathOpr" name="Sub" time="0.004"/>
  <testcase classname="com.testexecution.java.MathOpr" name="div" time="0.003"/>
  <testcase classname="com.testexecution.java.MathOpr" name="invert" time="0.003"/>
</testsuite> <!-- Assertionbased -->
