<?xml version="1.0" encoding="UTF-8"?>
<!-- Generated by org.testng.reporters.JUnitXMLReporter -->
<testsuite ignored="6" hostname="Saipavan" failures="1" tests="3" name="ParameterandIncludeGrp_JUPITER" time="0.043" errors="0" timestamp="2020-07-03T03:55:58 IST">
  <testcase classname="com.testexecution.java.CalculatortestNgparameter" name="Powerof1" time="0.005">
    <failure type="java.lang.AssertionError" message="expected [false] but found [true]">
      <![CDATA[java.lang.AssertionError: expected [false] but found [true]
at com.testexecution.java.CalculatortestNgparameter.Powerof1(CalculatortestNgparameter.java:121)
at java.base/java.util.concurrent.ThreadPoolExecutor.runWorker(ThreadPoolExecutor.java:1128)
at java.base/java.util.concurrent.ThreadPoolExecutor$Worker.run(ThreadPoolExecutor.java:628)
at java.base/java.lang.Thread.run(Thread.java:830)
... Removed 16 stack frames]]>
    </failure>
  </testcase> <!-- Powerof1 -->
  <testcase classname="com.testexecution.java.CalculatortestNgparameter" name="division" time="0.005"/>
  <testcase classname="com.testexecution.java.CalculatortestNgparameter" name="invert" time="0.004"/>
  <testcase classname="com.testexecution.java.CalculatortestNgparameter" name="Sub" time="0.0">
    <ignored/>
  </testcase> <!-- Sub -->
  <testcase classname="com.testexecution.java.CalculatortestNgparameter" name="Add" time="0.0">
    <ignored/>
  </testcase> <!-- Add -->
  <testcase classname="com.testexecution.java.CalculatortestNgparameter" name="Modulus" time="0.0">
    <ignored/>
  </testcase> <!-- Modulus -->
  <testcase classname="com.testexecution.java.CalculatortestNgparameter" name="Powerof" time="0.0">
    <ignored/>
  </testcase> <!-- Powerof -->
  <testcase classname="com.testexecution.java.CalculatortestNgparameter" name="Multiplication" time="0.0">
    <ignored/>
  </testcase> <!-- Multiplication -->
  <testcase classname="com.testexecution.java.CalculatortestNgparameter" name="Negate" time="0.0">
    <ignored/>
  </testcase> <!-- Negate -->
</testsuite> <!-- ParameterandIncludeGrp_JUPITER -->
