<?xml version="1.0" encoding="UTF-8"?>
<!-- Generated by org.testng.reporters.JUnitXMLReporter -->
<testsuite ignored="6" hostname="Saipavan" failures="1" tests="3" name="ParameterandExcludeGrp" time="0.042" errors="0" timestamp="2020-07-03T03:55:58 IST">
  <testcase classname="com.testexecution.java.CalculatortestNgparameter" name="Modulus" time="0.003"/>
  <testcase classname="com.testexecution.java.CalculatortestNgparameter" name="Negate" time="0.006">
    <failure type="java.lang.AssertionError" message="expected [true] but found [false]">
      <![CDATA[java.lang.AssertionError: expected [true] but found [false]
at com.testexecution.java.CalculatortestNgparameter.Negate(CalculatortestNgparameter.java:135)
at java.base/java.util.concurrent.ThreadPoolExecutor.runWorker(ThreadPoolExecutor.java:1128)
at java.base/java.util.concurrent.ThreadPoolExecutor$Worker.run(ThreadPoolExecutor.java:628)
at java.base/java.lang.Thread.run(Thread.java:830)
... Removed 16 stack frames]]>
    </failure>
  </testcase> <!-- Negate -->
  <testcase classname="com.testexecution.java.CalculatortestNgparameter" name="Sub" time="0.007"/>
  <testcase classname="com.testexecution.java.CalculatortestNgparameter" name="Powerof1" time="0.0">
    <ignored/>
  </testcase> <!-- Powerof1 -->
  <testcase classname="com.testexecution.java.CalculatortestNgparameter" name="invert" time="0.0">
    <ignored/>
  </testcase> <!-- invert -->
  <testcase classname="com.testexecution.java.CalculatortestNgparameter" name="Add" time="0.0">
    <ignored/>
  </testcase> <!-- Add -->
  <testcase classname="com.testexecution.java.CalculatortestNgparameter" name="division" time="0.0">
    <ignored/>
  </testcase> <!-- division -->
  <testcase classname="com.testexecution.java.CalculatortestNgparameter" name="Powerof" time="0.0">
    <ignored/>
  </testcase> <!-- Powerof -->
  <testcase classname="com.testexecution.java.CalculatortestNgparameter" name="Multiplication" time="0.0">
    <ignored/>
  </testcase> <!-- Multiplication -->
</testsuite> <!-- ParameterandExcludeGrp -->
